<?xml version="1.0" encoding="UTF-8"?>
<!-- Generated by org.testng.reporters.JUnitXMLReporter -->
<testsuite hostname="ilab-tb" tests="4" failures="0" timestamp="19 Sep 2019 19:16:36 GMT" time="68.222" errors="0">
  <testcase name="unitTest" time="33.29" classname="JobApplicationFirstTest"/>
  <testcase name="unitTest" time="33.738" classname="JobApplicationSecondTest"/>
  <testcase name="unitTest" time="31.773" classname="JobApplicationSecondTest"/>
  <testcase name="unitTest" time="32.598" classname="JobApplicationFirstTest"/>
</testsuite>
