<?xml version="1.0" encoding="UTF-8"?>
<testng-results skipped="0" failed="0" total="4" passed="4">
  <reporter-output>
  </reporter-output>
  <suite name="ILabWebTests" duration-ms="68222" started-at="2019-09-19T19:15:28Z" finished-at="2019-09-19T19:16:36Z">
    <groups>
    </groups>
    <test name="Regression" duration-ms="68222" started-at="2019-09-19T19:15:28Z" finished-at="2019-09-19T19:16:36Z">
      <class name="JobApplicationFirstTest">
        <test-method status="PASS" signature="setUp()[pri:0, instance:JobApplicationFirstTest@44c8afef]" name="setUp" is-config="true" duration-ms="49" started-at="2019-09-19T21:15:28Z" finished-at="2019-09-19T21:15:28Z">
          <reporter-output>
          </reporter-output>
        </test-method> <!-- setUp -->
        <test-method status="PASS" signature="setUp()[pri:0, instance:JobApplicationSecondTest@7b69c6ba]" name="setUp" is-config="true" duration-ms="6" started-at="2019-09-19T21:15:28Z" finished-at="2019-09-19T21:15:28Z">
          <reporter-output>
          </reporter-output>
        </test-method> <!-- setUp -->
        <test-method status="PASS" signature="unitTest([Ljava.lang.String;)[pri:0, instance:JobApplicationFirstTest@44c8afef]" name="unitTest" duration-ms="33290" started-at="2019-09-19T21:15:29Z" data-provider="getData" finished-at="2019-09-19T21:16:02Z">
          <params>
            <param index="0">
              <value>
                <![CDATA[[Ljava.lang.String;@5427c60c]]>
              </value>
            </param>
          </params>
          <reporter-output>
          </reporter-output>
        </test-method> <!-- unitTest -->
        <test-method status="PASS" signature="killDriver()[pri:0, instance:JobApplicationFirstTest@44c8afef]" name="killDriver" is-config="true" duration-ms="891" started-at="2019-09-19T21:16:02Z" finished-at="2019-09-19T21:16:03Z">
          <reporter-output>
          </reporter-output>
        </test-method> <!-- killDriver -->
        <test-method status="PASS" signature="unitTest([Ljava.lang.String;)[pri:0, instance:JobApplicationFirstTest@44c8afef]" name="unitTest" duration-ms="32598" started-at="2019-09-19T21:16:03Z" data-provider="getData" finished-at="2019-09-19T21:16:35Z">
          <params>
            <param index="0">
              <value>
                <![CDATA[[Ljava.lang.String;@57f23557]]>
              </value>
            </param>
          </params>
          <reporter-output>
          </reporter-output>
        </test-method> <!-- unitTest -->
        <test-method status="PASS" signature="killDriver()[pri:0, instance:JobApplicationFirstTest@44c8afef]" name="killDriver" is-config="true" duration-ms="865" started-at="2019-09-19T21:16:35Z" finished-at="2019-09-19T21:16:36Z">
          <reporter-output>
          </reporter-output>
        </test-method> <!-- killDriver -->
      </class> <!-- JobApplicationFirstTest -->
      <class name="JobApplicationSecondTest">
        <test-method status="PASS" signature="unitTest([Ljava.lang.String;)[pri:0, instance:JobApplicationSecondTest@7b69c6ba]" name="unitTest" duration-ms="33738" started-at="2019-09-19T21:15:29Z" data-provider="getData" finished-at="2019-09-19T21:16:02Z">
          <params>
            <param index="0">
              <value>
                <![CDATA[[Ljava.lang.String;@15bfd87]]>
              </value>
            </param>
          </params>
          <reporter-output>
          </reporter-output>
        </test-method> <!-- unitTest -->
        <test-method status="PASS" signature="killDriver()[pri:0, instance:JobApplicationSecondTest@7b69c6ba]" name="killDriver" is-config="true" duration-ms="864" started-at="2019-09-19T21:16:02Z" finished-at="2019-09-19T21:16:03Z">
          <reporter-output>
          </reporter-output>
        </test-method> <!-- killDriver -->
        <test-method status="PASS" signature="unitTest([Ljava.lang.String;)[pri:0, instance:JobApplicationSecondTest@7b69c6ba]" name="unitTest" duration-ms="31773" started-at="2019-09-19T21:16:03Z" data-provider="getData" finished-at="2019-09-19T21:16:35Z">
          <params>
            <param index="0">
              <value>
                <![CDATA[[Ljava.lang.String;@543e710e]]>
              </value>
            </param>
          </params>
          <reporter-output>
          </reporter-output>
        </test-method> <!-- unitTest -->
        <test-method status="PASS" signature="killDriver()[pri:0, instance:JobApplicationSecondTest@7b69c6ba]" name="killDriver" is-config="true" duration-ms="898" started-at="2019-09-19T21:16:35Z" finished-at="2019-09-19T21:16:36Z">
          <reporter-output>
          </reporter-output>
        </test-method> <!-- killDriver -->
      </class> <!-- JobApplicationSecondTest -->
    </test> <!-- Regression -->
  </suite> <!-- ILabWebTests -->
</testng-results>
