<?xml version="1.0" encoding="UTF-8"?>
<testsuite xmlns:xsi="http://www.w3.org/2001/XMLSchema-instance" xsi:noNamespaceSchemaLocation="https://maven.apache.org/surefire/maven-surefire-plugin/xsd/surefire-test-report.xsd" name="TestSuite" time="69.452" tests="4" errors="0" skipped="0" failures="0">
  <properties>
[...]
</properties>
  <testcase name="unitTest" classname="JobApplicationFirstTest" time="33.293"/>
  <testcase name="unitTest" classname="JobApplicationFirstTest" time="32.178"/>
  <testcase name="unitTest" classname="JobApplicationSecondTest" time="33.737"/>
  <testcase name="unitTest" classname="JobApplicationSecondTest" time="31.773"/>
</testsuite>